MongoDB shell version: 2.6.1
connecting to: test
{
	"_id" : ObjectId("54428cf327a1b318f9aaee7c"),
	"email" : "suuuncon@gmail.com",
	"family_name" : "Chung",
	"gender" : "male",
	"given_name" : "Howard",
	"id" : "115307917489359738692",
	"link" : "https://plus.google.com/+HowardChung93",
	"name" : "Howard Chung",
	"picture" : "https://lh4.googleusercontent.com/-F7UIly5ftNw/AAAAAAAAAAI/AAAAAAABsOA/Vi1qC6AHVKY/photo.jpg",
	"refresh_token" : "c9d26d3267dd8f9ea39f10cddeb8180984774e8b",
	"refresh_token_expire" : 1429403130365,
	"verified_email" : true
}
{
	"_id" : ObjectId("5446c2d727a1b318f9aaf602"),
	"email" : "venkannp@gmail.com",
	"family_name" : "Venkannagari",
	"gender" : "female",
	"given_name" : "Priyanka",
	"id" : "113941712974597483299",
	"link" : "https://plus.google.com/113941712974597483299",
	"name" : "Priyanka Venkannagari",
	"picture" : "https://lh3.googleusercontent.com/-XdUIqdMkCWA/AAAAAAAAAAI/AAAAAAAAAAA/4252rscbv5M/photo.jpg",
	"refresh_token" : "eb1a4839202fcc44b75b774e7f98d15b078126db",
	"refresh_token_expire" : 1429648385989,
	"verified_email" : true
}
{
	"_id" : ObjectId("54472e3627a1b318f9aaf6dc"),
	"email" : "yooysignup@gmail.com",
	"family_name" : "Mao",
	"gender" : "male",
	"given_name" : "vidda",
	"id" : "116348122529953988296",
	"link" : "https://plus.google.com/116348122529953988296",
	"name" : "vidda Mao",
	"picture" : "https://lh3.googleusercontent.com/-XdUIqdMkCWA/AAAAAAAAAAI/AAAAAAAAAAA/4252rscbv5M/photo.jpg",
	"refresh_token" : "d22a1a435745a4b39dc4b7a2f84394ffc1dd0224",
	"refresh_token_expire" : 1429676480870,
	"verified_email" : true
}
{
	"_id" : ObjectId("54472f5027a1b318f9aaf6dd"),
	"email" : "rolandhpk@gmail.com",
	"family_name" : ".",
	"given_name" : "rolandhpk",
	"id" : "111863492994391628125",
	"link" : "https://plus.google.com/111863492994391628125",
	"name" : "rolandhpk",
	"picture" : "https://lh3.googleusercontent.com/-XdUIqdMkCWA/AAAAAAAAAAI/AAAAAAAAAAA/4252rscbv5M/photo.jpg",
	"refresh_token" : "936d4f10940a826663adad5395343ba3cb90151e",
	"refresh_token_expire" : 1429676140114,
	"verified_email" : true
}
{
	"_id" : ObjectId("544295060cae810b0056abaf"),
	"user_id" : ObjectId("54428cf327a1b318f9aaee7c"),
	"balance" : 1145.64,
	"date" : 1413649670105
}
{
	"_id" : ObjectId("544308524cb3110b00affa36"),
	"user_id" : ObjectId("54428cf327a1b318f9aaee7c"),
	"balance" : 1136.2,
	"date" : 1413679186391
}
{
	"_id" : ObjectId("54430ea24cb3110b00affa37"),
	"user_id" : ObjectId("54428cf327a1b318f9aaee7c"),
	"balance" : 1134.7,
	"date" : 1413680802440
}
{
	"_id" : ObjectId("54442c374cb3110b00affa38"),
	"user_id" : ObjectId("54428cf327a1b318f9aaee7c"),
	"balance" : 1127.62,
	"date" : 1413753911947
}
{
	"_id" : ObjectId("54442c8a4cb3110b00affa39"),
	"user_id" : ObjectId("54428cf327a1b318f9aaee7c"),
	"balance" : 1125.62,
	"date" : 1413753994863
}
{
	"_id" : ObjectId("544435564cb3110b00affa3a"),
	"user_id" : ObjectId("54428cf327a1b318f9aaee7c"),
	"balance" : 1123.48,
	"date" : 1413756246158
}
{
	"_id" : ObjectId("5445491221eef40b005c6e8f"),
	"user_id" : ObjectId("54428cf327a1b318f9aaee7c"),
	"balance" : 1115.44,
	"date" : 1413826834048
}
{
	"_id" : ObjectId("5445a76821eef40b005c6e90"),
	"user_id" : ObjectId("54428cf327a1b318f9aaee7c"),
	"balance" : 1113.44,
	"date" : 1413850984306
}
{
	"_id" : ObjectId("5445fc4521eef40b005c6e91"),
	"user_id" : ObjectId("54428cf327a1b318f9aaee7c"),
	"balance" : 1112.19,
	"date" : 1413872709865
}
{
	"_id" : ObjectId("5445fc5121eef40b005c6e92"),
	"user_id" : ObjectId("54428cf327a1b318f9aaee7c"),
	"balance" : 1110.89,
	"date" : 1413872721020
}
{
	"_id" : ObjectId("5446ae3a66c9c90b00efb2e1"),
	"user_id" : ObjectId("54428cf327a1b318f9aaee7c"),
	"balance" : 1094.73,
	"date" : 1413918266618
}
{
	"_id" : ObjectId("5446da3666c9c90b00efb2e3"),
	"user_id" : ObjectId("54428cf327a1b318f9aaee7c"),
	"balance" : 1082.33,
	"date" : 1413929526313
}
{
	"_id" : ObjectId("5446da3966c9c90b00efb2e4"),
	"user_id" : ObjectId("54428cf327a1b318f9aaee7c"),
	"balance" : 1081.09,
	"date" : 1413929529590
}
{
	"_id" : ObjectId("5447f9ce16844f0b0098a77d"),
	"user_id" : ObjectId("54428cf327a1b318f9aaee7c"),
	"balance" : 1071.77,
	"date" : 1414003150497
}
{
	"_id" : ObjectId("544866e416844f0b0098a781"),
	"user_id" : ObjectId("54428cf327a1b318f9aaee7c"),
	"balance" : 1063.73,
	"date" : 1414031076369
}
{
	"_id" : ObjectId("544872ed16844f0b0098a782"),
	"user_id" : ObjectId("54428cf327a1b318f9aaee7c"),
	"balance" : 1062.48,
	"date" : 1414034157408
}
{
	"_id" : ObjectId("544964c2bb817e0b0045605d"),
	"user_id" : ObjectId("54428cf327a1b318f9aaee7c"),
	"balance" : 1060.48,
	"date" : 1414096066840
}
{
	"_id" : ObjectId("54496795bb817e0b00456060"),
	"user_id" : ObjectId("54428cf327a1b318f9aaee7c"),
	"balance" : 1052.44,
	"date" : 1414096789270
}
{
	"_id" : ObjectId("544ad33a303c0d0b008e5ee1"),
	"user_id" : ObjectId("54428cf327a1b318f9aaee7c"),
	"balance" : 1037.45,
	"date" : 1414189882322
}
{
	"_id" : ObjectId("544ad7ec303c0d0b008e5ee3"),
	"user_id" : ObjectId("54428cf327a1b318f9aaee7c"),
	"balance" : 1035.45,
	"date" : 1414191084913
}
{
	"_id" : ObjectId("544ad803303c0d0b008e5ee4"),
	"user_id" : ObjectId("54428cf327a1b318f9aaee7c"),
	"balance" : 1034.1,
	"date" : 1414191107343
}
{
	"_id" : ObjectId("544ad80e303c0d0b008e5ee5"),
	"user_id" : ObjectId("54428cf327a1b318f9aaee7c"),
	"balance" : 1032.75,
	"date" : 1414191118619
}
{
	"_id" : ObjectId("544ad814303c0d0b008e5ee6"),
	"user_id" : ObjectId("54428cf327a1b318f9aaee7c"),
	"balance" : 1031.4,
	"date" : 1414191124064
}
{
	"_id" : ObjectId("544b8919dae74e0b0094e87b"),
	"user_id" : ObjectId("54428cf327a1b318f9aaee7c"),
	"balance" : 1030.15,
	"date" : 1414236441410
}
{
	"_id" : ObjectId("544c18badae74e0b0094e880"),
	"user_id" : ObjectId("54428cf327a1b318f9aaee7c"),
	"balance" : 1028.15,
	"date" : 1414273210740
}
{
	"_id" : ObjectId("544c27fddae74e0b0094e881"),
	"user_id" : ObjectId("54428cf327a1b318f9aaee7c"),
	"balance" : 1014.51,
	"date" : 1414277117368
}
{
	"_id" : ObjectId("544c49dbdae74e0b0094e885"),
	"user_id" : ObjectId("54428cf327a1b318f9aaee7c"),
	"balance" : 1012.51,
	"date" : 1414285787586
}
{
	"_id" : ObjectId("544c49e0dae74e0b0094e886"),
	"user_id" : ObjectId("54428cf327a1b318f9aaee7c"),
	"balance" : 1011.26,
	"date" : 1414285792948
}
{
	"_id" : ObjectId("544d864c6df5d50b004a9833"),
	"user_id" : ObjectId("54428cf327a1b318f9aaee7c"),
	"balance" : 1009.26,
	"date" : 1414366796021
}
{
	"_id" : ObjectId("544e917161f9fa0b00ece85a"),
	"user_id" : ObjectId("54428cf327a1b318f9aaee7c"),
	"balance" : 999.94,
	"date" : 1414435185907
}
{
	"_id" : ObjectId("544eb18a61f9fa0b00ece85d"),
	"user_id" : ObjectId("54428cf327a1b318f9aaee7c"),
	"balance" : 997.94,
	"date" : 1414443402223
}
{
	"_id" : ObjectId("544f3725935ff40b00b19dd8"),
	"user_id" : ObjectId("54428cf327a1b318f9aaee7c"),
	"balance" : 995.94,
	"date" : 1414477605657
}
{
	"_id" : ObjectId("544f3736935ff40b00b19dd9"),
	"user_id" : ObjectId("54428cf327a1b318f9aaee7c"),
	"balance" : 994.69,
	"date" : 1414477622596
}
{
	"_id" : ObjectId("544ff1068ad1cc0b0020db4a"),
	"user_id" : ObjectId("54428cf327a1b318f9aaee7c"),
	"balance" : 974.25,
	"date" : 1414525190239
}
{
	"_id" : ObjectId("54502f4d8ad1cc0b0020db4d"),
	"user_id" : ObjectId("54428cf327a1b318f9aaee7c"),
	"balance" : 961.85,
	"date" : 1414541133528
}
{
	"_id" : ObjectId("54502f538ad1cc0b0020db4e"),
	"user_id" : ObjectId("54428cf327a1b318f9aaee7c"),
	"balance" : 960.61,
	"date" : 1414541139488
}
{
	"_id" : ObjectId("545087ef8ad1cc0b0020db52"),
	"user_id" : ObjectId("54428cf327a1b318f9aaee7c"),
	"balance" : 958.61,
	"date" : 1414563823569
}
{
	"_id" : ObjectId("545088068ad1cc0b0020db53"),
	"user_id" : ObjectId("54428cf327a1b318f9aaee7c"),
	"balance" : 957.36,
	"date" : 1414563846001
}
{
	"_id" : ObjectId("545154d7eedd480b0018f78c"),
	"user_id" : ObjectId("54428cf327a1b318f9aaee7c"),
	"balance" : 949.32,
	"date" : 1414616279329
}
{
	"_id" : ObjectId("54519fd8eedd480b0018f791"),
	"user_id" : ObjectId("54428cf327a1b318f9aaee7c"),
	"balance" : 948.07,
	"date" : 1414635480035
}
{
	"_id" : ObjectId("5452a7bba2a7050b00ca6f0b"),
	"user_id" : ObjectId("54428cf327a1b318f9aaee7c"),
	"balance" : 946.82,
	"date" : 1414703035430
}
{
	"_id" : ObjectId("5452b02fa2a7050b00ca6f0d"),
	"user_id" : ObjectId("54428cf327a1b318f9aaee7c"),
	"balance" : 927.07,
	"date" : 1414705199997
}
{
	"_id" : ObjectId("5452df0fa2a7050b00ca6f10"),
	"user_id" : ObjectId("54428cf327a1b318f9aaee7c"),
	"balance" : 925.82,
	"date" : 1414717199460
}
{
	"_id" : ObjectId("5452df2ca2a7050b00ca6f11"),
	"user_id" : ObjectId("54428cf327a1b318f9aaee7c"),
	"balance" : 924.57,
	"date" : 1414717228877
}
{
	"_id" : ObjectId("5453fca46083100b009cbe72"),
	"user_id" : ObjectId("54428cf327a1b318f9aaee7c"),
	"balance" : 917.93,
	"date" : 1414790308163
}
{
	"_id" : ObjectId("54549727bed7960b00d71e7e"),
	"user_id" : ObjectId("54428cf327a1b318f9aaee7c"),
	"balance" : 916.68,
	"date" : 1414829863997
}
{
	"_id" : ObjectId("54555148bed7960b00d71e80"),
	"user_id" : ObjectId("54428cf327a1b318f9aaee7c"),
	"balance" : 909.08,
	"date" : 1414877512910
}
{
	"_id" : ObjectId("54556c51bed7960b00d71e83"),
	"user_id" : ObjectId("54428cf327a1b318f9aaee7c"),
	"balance" : 902.34,
	"date" : 1414884433334
}
{
	"_id" : ObjectId("5456b5c976a64f0b005493e5"),
	"user_id" : ObjectId("54428cf327a1b318f9aaee7c"),
	"balance" : 900.84,
	"date" : 1414968777050
}
{
	"_id" : ObjectId("5456b61976a64f0b005493e6"),
	"user_id" : ObjectId("54428cf327a1b318f9aaee7c"),
	"balance" : 893.66,
	"date" : 1414968857883
}
{
	"_id" : ObjectId("54582b207866080b0003a68f"),
	"user_id" : ObjectId("54428cf327a1b318f9aaee7c"),
	"balance" : 892.41,
	"date" : 1415064352481
}
{
	"_id" : ObjectId("54589dc37f78b70b00ea86d5"),
	"user_id" : ObjectId("54428cf327a1b318f9aaee7c"),
	"balance" : 890.41,
	"date" : 1415093699430
}
{
	"_id" : ObjectId("54589dd07f78b70b00ea86d6"),
	"user_id" : ObjectId("54428cf327a1b318f9aaee7c"),
	"balance" : 889.11,
	"date" : 1415093712883
}
{
	"_id" : ObjectId("545916a07f78b70b00ea86dc"),
	"user_id" : ObjectId("54428cf327a1b318f9aaee7c"),
	"balance" : 882.03,
	"date" : 1415124640831
}
{
	"_id" : ObjectId("545968607f78b70b00ea86e6"),
	"user_id" : ObjectId("54428cf327a1b318f9aaee7c"),
	"balance" : 868.39,
	"date" : 1415145568215
}
{
	"_id" : ObjectId("545a048522eae70b0075aac1"),
	"user_id" : ObjectId("54428cf327a1b318f9aaee7c"),
	"balance" : 866.39,
	"date" : 1415185541778
}
{
	"_id" : ObjectId("545a04a122eae70b0075aac2"),
	"user_id" : ObjectId("54428cf327a1b318f9aaee7c"),
	"balance" : 864.39,
	"date" : 1415185569775
}
{
	"_id" : ObjectId("545a91f5292c140b00cb8273"),
	"user_id" : ObjectId("54428cf327a1b318f9aaee7c"),
	"balance" : 856.35,
	"date" : 1415221749970
}
{
	"_id" : ObjectId("545ac5e1292c140b00cb8275"),
	"user_id" : ObjectId("54428cf327a1b318f9aaee7c"),
	"balance" : 855.1,
	"date" : 1415235041148
}
{
	"_id" : ObjectId("545aeb55292c140b00cb8278"),
	"user_id" : ObjectId("54428cf327a1b318f9aaee7c"),
	"balance" : 853.1,
	"date" : 1415244629449
}
{
	"_id" : ObjectId("545b6d0e292c140b00cb8279"),
	"user_id" : ObjectId("54428cf327a1b318f9aaee7c"),
	"balance" : 848.8,
	"date" : 1415277838096
}
{
	"_id" : ObjectId("545b71cc292c140b00cb827a"),
	"user_id" : ObjectId("54428cf327a1b318f9aaee7c"),
	"balance" : 847.3,
	"date" : 1415279052542
}
{
	"_id" : ObjectId("545c0466794fe10b00726684"),
	"user_id" : ObjectId("54428cf327a1b318f9aaee7c"),
	"balance" : 827.55,
	"date" : 1415316582031
}
{
	"_id" : ObjectId("545c595b794fe10b00726688"),
	"user_id" : ObjectId("54428cf327a1b318f9aaee7c"),
	"balance" : 826.3,
	"date" : 1415338331563
}
{
	"_id" : ObjectId("545c596d794fe10b00726689"),
	"user_id" : ObjectId("54428cf327a1b318f9aaee7c"),
	"balance" : 825.05,
	"date" : 1415338349286
}
{
	"_id" : ObjectId("545d4c11a421be0b004b3e02"),
	"user_id" : ObjectId("54428cf327a1b318f9aaee7c"),
	"balance" : 823.8,
	"date" : 1415400465561
}
{
	"_id" : ObjectId("545d64eea421be0b004b3e04"),
	"user_id" : ObjectId("54428cf327a1b318f9aaee7c"),
	"balance" : 816.83,
	"date" : 1415406830309
}
{
	"_id" : ObjectId("545d789aa421be0b004b3e05"),
	"user_id" : ObjectId("54428cf327a1b318f9aaee7c"),
	"balance" : 806.93,
	"date" : 1415411866341
}
{
	"_id" : ObjectId("545ecc9041af660b00f68575"),
	"user_id" : ObjectId("54428cf327a1b318f9aaee7c"),
	"balance" : 793.29,
	"date" : 1415498896552
}
{
	"_id" : ObjectId("545f3f0041af660b00f68576"),
	"user_id" : ObjectId("54428cf327a1b318f9aaee7c"),
	"balance" : 792.04,
	"date" : 1415528192865
}
{
	"_id" : ObjectId("545f99097f98610b0064d5a3"),
	"user_id" : ObjectId("54428cf327a1b318f9aaee7c"),
	"balance" : 790.79,
	"date" : 1415551241718
}
{
	"_id" : ObjectId("545f99837f98610b0064d5a4"),
	"user_id" : ObjectId("54428cf327a1b318f9aaee7c"),
	"balance" : 781.76,
	"date" : 1415551363347
}
{
	"_id" : ObjectId("545f99b37f98610b0064d5a5"),
	"user_id" : ObjectId("54428cf327a1b318f9aaee7c"),
	"balance" : 785.94,
	"date" : 1415551411471
}
{
	"_id" : ObjectId("54616585e8079c0b00ca16c9"),
	"user_id" : ObjectId("54428cf327a1b318f9aaee7c"),
	"balance" : 776.62,
	"date" : 1415669125406
}
{
	"_id" : ObjectId("5461793be8079c0b00ca16ca"),
	"user_id" : ObjectId("54428cf327a1b318f9aaee7c"),
	"balance" : 774.62,
	"date" : 1415674171869
}
{
	"_id" : ObjectId("546228af071a1d0b000e2157"),
	"user_id" : ObjectId("54428cf327a1b318f9aaee7c"),
	"balance" : 770.32,
	"date" : 1415719087996
}
{
	"_id" : ObjectId("54625f594d6b8b0b000a5631"),
	"user_id" : ObjectId("54428cf327a1b318f9aaee7c"),
	"balance" : 758.08,
	"date" : 1415733081928
}
{
	"_id" : ObjectId("54634741fc7a640b001cb212"),
	"user_id" : ObjectId("54428cf327a1b318f9aaee7c"),
	"balance" : 756.83,
	"date" : 1415792449189
}
{
	"_id" : ObjectId("546424f5fc7a640b001cb21e"),
	"user_id" : ObjectId("54428cf327a1b318f9aaee7c"),
	"balance" : 748.79,
	"date" : 1415849205045
}
{
	"_id" : ObjectId("5464356cfc7a640b001cb220"),
	"user_id" : ObjectId("54428cf327a1b318f9aaee7c"),
	"balance" : 747.29,
	"date" : 1415853420651
}
